\BOOKMARK [0][-]{chapter.1}{\376\377\0001\000\040\000P\000r\000o\000j\000e\000t\000A\000p\000p\000l\000i\000c\000a\000t\000i\000o\000n\000C\000o\000n\000c\000e\000p\000t\000i\000o\000n\000L\000o\000g\000i\000c\000i\000e\000l\000l\000e}{}% 1
\BOOKMARK [1][-]{section.1.1}{\376\377\0001\000.\0001\000\040\000M\000o\000d\000u\000l\000e\000s\000\040\000e\000x\000t\000e\000r\000n\000e\000s\000\040\000u\000t\000i\000l\000i\000s\000\351\000s\000\040\000:}{chapter.1}% 2
\BOOKMARK [1][-]{section.1.2}{\376\377\0001\000.\0002\000\040\000I\000n\000s\000t\000a\000l\000l\000a\000t\000i\000o\000n}{chapter.1}% 3
\BOOKMARK [1][-]{section.1.3}{\376\377\0001\000.\0003\000\040\000I\000n\000s\000t\000a\000l\000l\000a\000t\000i\000o\000n\000\040\000b\000i\000s}{chapter.1}% 4
\BOOKMARK [1][-]{section.1.4}{\376\377\0001\000.\0004\000\040\000L\000a\000n\000c\000e\000m\000e\000n\000t}{chapter.1}% 5
\BOOKMARK [1][-]{section.1.5}{\376\377\0001\000.\0005\000\040\000F\000o\000n\000c\000t\000i\000o\000n\000n\000a\000l\000i\000t\000\351\000s}{chapter.1}% 6
\BOOKMARK [2][-]{subsection.1.5.1}{\376\377\0001\000.\0005\000.\0001\000\040\000A\000l\000g\000o\000r\000i\000t\000h\000m\000i\000e}{section.1.5}% 7
\BOOKMARK [2][-]{subsection.1.5.2}{\376\377\0001\000.\0005\000.\0002\000\040\000I\000n\000t\000e\000r\000f\000a\000c\000e\000\040\000g\000r\000a\000p\000h\000i\000q\000u\000e}{section.1.5}% 8
\BOOKMARK [2][-]{subsection.1.5.3}{\376\377\0001\000.\0005\000.\0003\000\040\000P\000e\000r\000s\000o\000n\000n\000a\000l\000i\000s\000a\000t\000i\000o\000n}{section.1.5}% 9
\BOOKMARK [2][-]{subsection.1.5.4}{\376\377\0001\000.\0005\000.\0004\000\040\000B\000o\000n\000u\000s}{section.1.5}% 10
\BOOKMARK [1][-]{section.1.6}{\376\377\0001\000.\0006\000\040\000E\000x\000p\000l\000i\000c\000a\000t\000i\000o\000n\000\040\000d\000u\000\040\000c\000o\000d\000e}{chapter.1}% 11
\BOOKMARK [2][-]{subsection.1.6.1}{\376\377\0001\000.\0006\000.\0001\000\040\000D\000o\000c\000u\000m\000e\000n\000t\000a\000t\000i\000o\000n}{section.1.6}% 12
\BOOKMARK [2][-]{subsection.1.6.2}{\376\377\0001\000.\0006\000.\0002\000\040\000C\000o\000n\000v\000e\000n\000t\000i\000o\000n\000\040\000d\000e\000\040\000n\000o\000m\000m\000a\000g\000e}{section.1.6}% 13
\BOOKMARK [2][-]{subsection.1.6.3}{\376\377\0001\000.\0006\000.\0003\000\040\000A\000m\000\351\000l\000i\000o\000r\000a\000t\000i\000o\000n\000s\000\040\000d\000u\000\040\000c\000o\000d\000e\000\040\000e\000n\000v\000i\000s\000a\000g\000\351\000e\000s}{section.1.6}% 14
\BOOKMARK [0][-]{chapter.2}{\376\377\0002\000\040\000L\000i\000s\000t\000e\000\040\000d\000e\000s\000\040\000c\000h\000o\000s\000e\000s\000\040\000\340\000\040\000f\000a\000i\000r\000e}{}% 15
\BOOKMARK [0][-]{chapter.3}{\376\377\0003\000\040\000L\000i\000s\000t\000e\000\040\000d\000e\000s\000\040\000t\000e\000s\000t\000s}{}% 16
\BOOKMARK [0][-]{chapter.4}{\376\377\0004\000\040\000I\000n\000d\000e\000x\000\040\000d\000e\000s\000\040\000e\000s\000p\000a\000c\000e\000s\000\040\000d\000e\000\040\000n\000o\000m\000m\000a\000g\000e}{}% 17
\BOOKMARK [1][-]{section.4.1}{\376\377\0004\000.\0001\000\040\000L\000i\000s\000t\000e\000\040\000d\000e\000s\000\040\000p\000a\000q\000u\000e\000t\000a\000g\000e\000s}{chapter.4}% 18
\BOOKMARK [0][-]{chapter.5}{\376\377\0005\000\040\000D\000o\000c\000u\000m\000e\000n\000t\000a\000t\000i\000o\000n\000\040\000d\000e\000s\000\040\000e\000s\000p\000a\000c\000e\000s\000\040\000d\000e\000\040\000n\000o\000m\000m\000a\000g\000e}{}% 19
\BOOKMARK [1][-]{section.5.1}{\376\377\0005\000.\0001\000\040\000R\000\351\000f\000\351\000r\000e\000n\000c\000e\000\040\000d\000e\000\040\000l\000\047\000e\000s\000p\000a\000c\000e\000\040\000d\000e\000\040\000n\000o\000m\000m\000a\000g\000e\000\040\000m\000a\000i\000n}{chapter.5}% 20
\BOOKMARK [2][-]{subsection.5.1.1}{\376\377\0005\000.\0001\000.\0001\000\040\000D\000e\000s\000c\000r\000i\000p\000t\000i\000o\000n\000\040\000d\000\351\000t\000a\000i\000l\000l\000\351\000e}{section.5.1}% 21
\BOOKMARK [2][-]{subsection.5.1.2}{\376\377\0005\000.\0001\000.\0002\000\040\000D\000o\000c\000u\000m\000e\000n\000t\000a\000t\000i\000o\000n\000\040\000d\000e\000s\000\040\000f\000o\000n\000c\000t\000i\000o\000n\000s}{section.5.1}% 22
\BOOKMARK [3][-]{subsubsection.5.1.2.1}{\376\377\0005\000.\0001\000.\0002\000.\0001\000\040\000m\000a\000i\000n\000\050\000\051}{subsection.5.1.2}% 23
\BOOKMARK [1][-]{section.5.2}{\376\377\0005\000.\0002\000\040\000R\000\351\000f\000\351\000r\000e\000n\000c\000e\000\040\000d\000e\000\040\000l\000\047\000e\000s\000p\000a\000c\000e\000\040\000d\000e\000\040\000n\000o\000m\000m\000a\000g\000e\000\040\000s\000r\000c}{chapter.5}% 24
\BOOKMARK [1][-]{section.5.3}{\376\377\0005\000.\0003\000\040\000R\000\351\000f\000\351\000r\000e\000n\000c\000e\000\040\000d\000e\000\040\000l\000\047\000e\000s\000p\000a\000c\000e\000\040\000d\000e\000\040\000n\000o\000m\000m\000a\000g\000e\000\040\000s\000r\000c\000.\000c\000o\000n\000t\000r\000o\000l\000l\000e\000r}{chapter.5}% 25
\BOOKMARK [1][-]{section.5.4}{\376\377\0005\000.\0004\000\040\000R\000\351\000f\000\351\000r\000e\000n\000c\000e\000\040\000d\000e\000\040\000l\000\047\000e\000s\000p\000a\000c\000e\000\040\000d\000e\000\040\000n\000o\000m\000m\000a\000g\000e\000\040\000s\000r\000c\000.\000c\000o\000n\000t\000r\000o\000l\000l\000e\000r\000.\000c\000t\000r\000l\000\137\000m\000a\000i\000n}{chapter.5}% 26
\BOOKMARK [2][-]{subsection.5.4.1}{\376\377\0005\000.\0004\000.\0001\000\040\000D\000e\000s\000c\000r\000i\000p\000t\000i\000o\000n\000\040\000d\000\351\000t\000a\000i\000l\000l\000\351\000e}{section.5.4}% 27
\BOOKMARK [2][-]{subsection.5.4.2}{\376\377\0005\000.\0004\000.\0002\000\040\000D\000o\000c\000u\000m\000e\000n\000t\000a\000t\000i\000o\000n\000\040\000d\000e\000s\000\040\000f\000o\000n\000c\000t\000i\000o\000n\000s}{section.5.4}% 28
\BOOKMARK [3][-]{subsubsection.5.4.2.1}{\376\377\0005\000.\0004\000.\0002\000.\0001\000\040\000c\000m\000\137\000e\000n\000d\000e\000d\000\137\000g\000a\000m\000e\000\050\000\051}{subsection.5.4.2}% 29
\BOOKMARK [3][-]{subsubsection.5.4.2.2}{\376\377\0005\000.\0004\000.\0002\000.\0002\000\040\000c\000m\000\137\000i\000n\000f\000o\000\050\000\051}{subsection.5.4.2}% 30
\BOOKMARK [3][-]{subsubsection.5.4.2.3}{\376\377\0005\000.\0004\000.\0002\000.\0003\000\040\000c\000m\000\137\000i\000n\000i\000t\000\050\000\051}{subsection.5.4.2}% 31
\BOOKMARK [3][-]{subsubsection.5.4.2.4}{\376\377\0005\000.\0004\000.\0002\000.\0004\000\040\000c\000m\000\137\000m\000e\000n\000u\000\050\000\051}{subsection.5.4.2}% 32
\BOOKMARK [3][-]{subsubsection.5.4.2.5}{\376\377\0005\000.\0004\000.\0002\000.\0005\000\040\000c\000m\000\137\000p\000a\000g\000e\000\137\000a\000c\000c\000u\000e\000i\000l\000\050\000\051}{subsection.5.4.2}% 33
\BOOKMARK [3][-]{subsubsection.5.4.2.6}{\376\377\0005\000.\0004\000.\0002\000.\0006\000\040\000c\000m\000\137\000p\000a\000g\000e\000\137\000b\000o\000n\000u\000s\000\050\000\051}{subsection.5.4.2}% 34
\BOOKMARK [3][-]{subsubsection.5.4.2.7}{\376\377\0005\000.\0004\000.\0002\000.\0007\000\040\000c\000m\000\137\000p\000a\000g\000e\000\137\000p\000a\000r\000a\000m\000e\000t\000e\000r\000s\000\050\000\051}{subsection.5.4.2}% 35
\BOOKMARK [3][-]{subsubsection.5.4.2.8}{\376\377\0005\000.\0004\000.\0002\000.\0008\000\040\000c\000m\000\137\000p\000a\000g\000e\000\137\000p\000l\000a\000y\000\050\000\051}{subsection.5.4.2}% 36
\BOOKMARK [3][-]{subsubsection.5.4.2.9}{\376\377\0005\000.\0004\000.\0002\000.\0009\000\040\000c\000m\000\137\000q\000u\000i\000t\000\050\000\051}{subsection.5.4.2}% 37
\BOOKMARK [3][-]{subsubsection.5.4.2.10}{\376\377\0005\000.\0004\000.\0002\000.\0001\0000\000\040\000c\000m\000\137\000u\000p\000d\000a\000t\000e\000\050\000\051}{subsection.5.4.2}% 38
\BOOKMARK [3][-]{subsubsection.5.4.2.11}{\376\377\0005\000.\0004\000.\0002\000.\0001\0001\000\040\000c\000m\000\137\000w\000a\000r\000n\000i\000n\000g\000\050\000\051}{subsection.5.4.2}% 39
\BOOKMARK [1][-]{section.5.5}{\376\377\0005\000.\0005\000\040\000R\000\351\000f\000\351\000r\000e\000n\000c\000e\000\040\000d\000e\000\040\000l\000\047\000e\000s\000p\000a\000c\000e\000\040\000d\000e\000\040\000n\000o\000m\000m\000a\000g\000e\000\040\000s\000r\000c\000.\000c\000o\000n\000t\000r\000o\000l\000l\000e\000r\000.\000c\000t\000r\000l\000\137\000p\000a\000g\000e\000A\000c\000c\000u\000e\000i\000l}{chapter.5}% 40
\BOOKMARK [2][-]{subsection.5.5.1}{\376\377\0005\000.\0005\000.\0001\000\040\000D\000e\000s\000c\000r\000i\000p\000t\000i\000o\000n\000\040\000d\000\351\000t\000a\000i\000l\000l\000\351\000e}{section.5.5}% 41
\BOOKMARK [2][-]{subsection.5.5.2}{\376\377\0005\000.\0005\000.\0002\000\040\000D\000o\000c\000u\000m\000e\000n\000t\000a\000t\000i\000o\000n\000\040\000d\000e\000s\000\040\000f\000o\000n\000c\000t\000i\000o\000n\000s}{section.5.5}% 42
\BOOKMARK [3][-]{subsubsection.5.5.2.1}{\376\377\0005\000.\0005\000.\0002\000.\0001\000\040\000c\000p\000a\000\137\000i\000n\000i\000t\000\050\000\051}{subsection.5.5.2}% 43
\BOOKMARK [3][-]{subsubsection.5.5.2.2}{\376\377\0005\000.\0005\000.\0002\000.\0002\000\040\000c\000p\000a\000\137\000p\000l\000a\000y\000\050\000\051}{subsection.5.5.2}% 44
\BOOKMARK [1][-]{section.5.6}{\376\377\0005\000.\0006\000\040\000R\000\351\000f\000\351\000r\000e\000n\000c\000e\000\040\000d\000e\000\040\000l\000\047\000e\000s\000p\000a\000c\000e\000\040\000d\000e\000\040\000n\000o\000m\000m\000a\000g\000e\000\040\000s\000r\000c\000.\000c\000o\000n\000t\000r\000o\000l\000l\000e\000r\000.\000c\000t\000r\000l\000\137\000P\000a\000g\000e\000B\000o\000n\000u\000s}{chapter.5}% 45
\BOOKMARK [2][-]{subsection.5.6.1}{\376\377\0005\000.\0006\000.\0001\000\040\000D\000e\000s\000c\000r\000i\000p\000t\000i\000o\000n\000\040\000d\000\351\000t\000a\000i\000l\000l\000\351\000e}{section.5.6}% 46
\BOOKMARK [2][-]{subsection.5.6.2}{\376\377\0005\000.\0006\000.\0002\000\040\000D\000o\000c\000u\000m\000e\000n\000t\000a\000t\000i\000o\000n\000\040\000d\000e\000s\000\040\000f\000o\000n\000c\000t\000i\000o\000n\000s}{section.5.6}% 47
\BOOKMARK [3][-]{subsubsection.5.6.2.1}{\376\377\0005\000.\0006\000.\0002\000.\0001\000\040\000c\000p\000b\000\137\000g\000e\000t\000\137\000b\000o\000n\000u\000s\000e\000s\000\050\000\051}{subsection.5.6.2}% 48
\BOOKMARK [3][-]{subsubsection.5.6.2.2}{\376\377\0005\000.\0006\000.\0002\000.\0002\000\040\000c\000p\000b\000\137\000g\000e\000t\000\137\000c\000h\000o\000s\000e\000n\000\137\000b\000o\000n\000u\000s\000\050\000\051}{subsection.5.6.2}% 49
\BOOKMARK [3][-]{subsubsection.5.6.2.3}{\376\377\0005\000.\0006\000.\0002\000.\0003\000\040\000c\000p\000b\000\137\000i\000n\000i\000t\000\050\000\051}{subsection.5.6.2}% 50
\BOOKMARK [3][-]{subsubsection.5.6.2.4}{\376\377\0005\000.\0006\000.\0002\000.\0004\000\040\000c\000p\000b\000\137\000s\000h\000o\000w\000\137\000b\000o\000n\000u\000s\000\137\000d\000e\000s\000c\000r\000i\000p\000t\000i\000o\000n\000\050\000\051}{subsection.5.6.2}% 51
\BOOKMARK [3][-]{subsubsection.5.6.2.5}{\376\377\0005\000.\0006\000.\0002\000.\0005\000\040\000c\000p\000b\000\137\000v\000a\000l\000i\000d\000e\000r\000\137\000b\000o\000n\000u\000s\000\050\000\051}{subsection.5.6.2}% 52
\BOOKMARK [1][-]{section.5.7}{\376\377\0005\000.\0007\000\040\000R\000\351\000f\000\351\000r\000e\000n\000c\000e\000\040\000d\000e\000\040\000l\000\047\000e\000s\000p\000a\000c\000e\000\040\000d\000e\000\040\000n\000o\000m\000m\000a\000g\000e\000\040\000s\000r\000c\000.\000c\000o\000n\000t\000r\000o\000l\000l\000e\000r\000.\000c\000t\000r\000l\000\137\000p\000a\000g\000e\000J\000e\000u}{chapter.5}% 53
\BOOKMARK [2][-]{subsection.5.7.1}{\376\377\0005\000.\0007\000.\0001\000\040\000D\000e\000s\000c\000r\000i\000p\000t\000i\000o\000n\000\040\000d\000\351\000t\000a\000i\000l\000l\000\351\000e}{section.5.7}% 54
\BOOKMARK [2][-]{subsection.5.7.2}{\376\377\0005\000.\0007\000.\0002\000\040\000D\000o\000c\000u\000m\000e\000n\000t\000a\000t\000i\000o\000n\000\040\000d\000e\000s\000\040\000f\000o\000n\000c\000t\000i\000o\000n\000s}{section.5.7}% 55
\BOOKMARK [3][-]{subsubsection.5.7.2.1}{\376\377\0005\000.\0007\000.\0002\000.\0001\000\040\000c\000p\000j\000\137\000b\000o\000t\000\137\000p\000l\000a\000y\000\050\000\051}{subsection.5.7.2}% 56
\BOOKMARK [3][-]{subsubsection.5.7.2.2}{\376\377\0005\000.\0007\000.\0002\000.\0002\000\040\000c\000p\000j\000\137\000d\000r\000a\000w\000\137\000g\000r\000i\000d\000\050\000\051}{subsection.5.7.2}% 57
\BOOKMARK [3][-]{subsubsection.5.7.2.3}{\376\377\0005\000.\0007\000.\0002\000.\0003\000\040\000c\000p\000j\000\137\000h\000o\000v\000e\000r\000\050\000\051}{subsection.5.7.2}% 58
\BOOKMARK [3][-]{subsubsection.5.7.2.4}{\376\377\0005\000.\0007\000.\0002\000.\0004\000\040\000c\000p\000j\000\137\000i\000n\000f\000o\000\137\000t\000u\000r\000n\000\050\000\051}{subsection.5.7.2}% 59
\BOOKMARK [3][-]{subsubsection.5.7.2.5}{\376\377\0005\000.\0007\000.\0002\000.\0005\000\040\000c\000p\000j\000\137\000i\000n\000i\000t\000\050\000\051}{subsection.5.7.2}% 60
\BOOKMARK [3][-]{subsubsection.5.7.2.6}{\376\377\0005\000.\0007\000.\0002\000.\0006\000\040\000c\000p\000j\000\137\000p\000l\000a\000y\000\050\000\051}{subsection.5.7.2}% 61
\BOOKMARK [3][-]{subsubsection.5.7.2.7}{\376\377\0005\000.\0007\000.\0002\000.\0007\000\040\000c\000p\000j\000\137\000p\000u\000t\000\137\000c\000o\000i\000n\000\050\000\051}{subsection.5.7.2}% 62
\BOOKMARK [3][-]{subsubsection.5.7.2.8}{\376\377\0005\000.\0007\000.\0002\000.\0008\000\040\000c\000p\000j\000\137\000q\000u\000i\000t\000\050\000\051}{subsection.5.7.2}% 63
\BOOKMARK [3][-]{subsubsection.5.7.2.9}{\376\377\0005\000.\0007\000.\0002\000.\0009\000\040\000c\000p\000j\000\137\000r\000e\000d\000o\000\050\000\051}{subsection.5.7.2}% 64
\BOOKMARK [3][-]{subsubsection.5.7.2.10}{\376\377\0005\000.\0007\000.\0002\000.\0001\0000\000\040\000c\000p\000j\000\137\000u\000n\000d\000o\000\050\000\051}{subsection.5.7.2}% 65
\BOOKMARK [3][-]{subsubsection.5.7.2.11}{\376\377\0005\000.\0007\000.\0002\000.\0001\0001\000\040\000c\000p\000j\000\137\000u\000p\000d\000a\000t\000e\000\050\000\051}{subsection.5.7.2}% 66
\BOOKMARK [3][-]{subsubsection.5.7.2.12}{\376\377\0005\000.\0007\000.\0002\000.\0001\0002\000\040\000c\000p\000j\000\137\000u\000p\000d\000a\000t\000e\000\137\000c\000o\000i\000n\000\050\000\051}{subsection.5.7.2}% 67
\BOOKMARK [3][-]{subsubsection.5.7.2.13}{\376\377\0005\000.\0007\000.\0002\000.\0001\0003\000\040\000c\000p\000j\000\137\000u\000p\000d\000a\000t\000e\000\137\000g\000r\000i\000d\000\050\000\051}{subsection.5.7.2}% 68
\BOOKMARK [3][-]{subsubsection.5.7.2.14}{\376\377\0005\000.\0007\000.\0002\000.\0001\0004\000\040\000c\000p\000j\000\137\000u\000s\000e\000\137\000b\000o\000n\000u\000s\000\050\000\051}{subsection.5.7.2}% 69
\BOOKMARK [1][-]{section.5.8}{\376\377\0005\000.\0008\000\040\000R\000\351\000f\000\351\000r\000e\000n\000c\000e\000\040\000d\000e\000\040\000l\000\047\000e\000s\000p\000a\000c\000e\000\040\000d\000e\000\040\000n\000o\000m\000m\000a\000g\000e\000\040\000s\000r\000c\000.\000c\000o\000n\000t\000r\000o\000l\000l\000e\000r\000.\000c\000t\000r\000l\000\137\000p\000a\000g\000e\000P\000a\000r\000a\000m\000e\000t\000r\000e\000s}{chapter.5}% 70
\BOOKMARK [2][-]{subsection.5.8.1}{\376\377\0005\000.\0008\000.\0001\000\040\000D\000e\000s\000c\000r\000i\000p\000t\000i\000o\000n\000\040\000d\000\351\000t\000a\000i\000l\000l\000\351\000e}{section.5.8}% 71
\BOOKMARK [2][-]{subsection.5.8.2}{\376\377\0005\000.\0008\000.\0002\000\040\000D\000o\000c\000u\000m\000e\000n\000t\000a\000t\000i\000o\000n\000\040\000d\000e\000s\000\040\000f\000o\000n\000c\000t\000i\000o\000n\000s}{section.5.8}% 72
\BOOKMARK [3][-]{subsubsection.5.8.2.1}{\376\377\0005\000.\0008\000.\0002\000.\0001\000\040\000c\000p\000p\000\137\000a\000s\000k\000c\000o\000l\000o\000r\000\050\000\051}{subsection.5.8.2}% 73
\BOOKMARK [3][-]{subsubsection.5.8.2.2}{\376\377\0005\000.\0008\000.\0002\000.\0002\000\040\000c\000p\000p\000\137\000c\000u\000s\000t\000o\000m\000\137\000l\000o\000a\000d\000\050\000\051}{subsection.5.8.2}% 74
\BOOKMARK [3][-]{subsubsection.5.8.2.3}{\376\377\0005\000.\0008\000.\0002\000.\0003\000\040\000c\000p\000p\000\137\000c\000u\000s\000t\000o\000m\000\137\000r\000e\000s\000e\000t\000\050\000\051}{subsection.5.8.2}% 75
\BOOKMARK [3][-]{subsubsection.5.8.2.4}{\376\377\0005\000.\0008\000.\0002\000.\0004\000\040\000c\000p\000p\000\137\000c\000u\000s\000t\000o\000m\000\137\000s\000a\000v\000e\000\050\000\051}{subsection.5.8.2}% 76
\BOOKMARK [3][-]{subsubsection.5.8.2.5}{\376\377\0005\000.\0008\000.\0002\000.\0005\000\040\000c\000p\000p\000\137\000i\000n\000i\000t\000\050\000\051}{subsection.5.8.2}% 77
\BOOKMARK [3][-]{subsubsection.5.8.2.6}{\376\377\0005\000.\0008\000.\0002\000.\0006\000\040\000c\000p\000p\000\137\000s\000e\000t\000t\000i\000n\000g\000s\000\137\000l\000o\000a\000d\000\050\000\051}{subsection.5.8.2}% 78
\BOOKMARK [3][-]{subsubsection.5.8.2.7}{\376\377\0005\000.\0008\000.\0002\000.\0007\000\040\000c\000p\000p\000\137\000s\000e\000t\000t\000i\000n\000g\000s\000\137\000r\000e\000s\000e\000t\000\050\000\051}{subsection.5.8.2}% 79
\BOOKMARK [3][-]{subsubsection.5.8.2.8}{\376\377\0005\000.\0008\000.\0002\000.\0008\000\040\000c\000p\000p\000\137\000s\000e\000t\000t\000i\000n\000g\000s\000\137\000s\000a\000v\000e\000\050\000\051}{subsection.5.8.2}% 80
\BOOKMARK [1][-]{section.5.9}{\376\377\0005\000.\0009\000\040\000R\000\351\000f\000\351\000r\000e\000n\000c\000e\000\040\000d\000e\000\040\000l\000\047\000e\000s\000p\000a\000c\000e\000\040\000d\000e\000\040\000n\000o\000m\000m\000a\000g\000e\000\040\000s\000r\000c\000.\000p\000u\000i\000s\000s\000a\000n\000c\000e\000Q\000u\000a\000t\000r\000e}{chapter.5}% 81
\BOOKMARK [1][-]{section.5.10}{\376\377\0005\000.\0001\0000\000\040\000R\000\351\000f\000\351\000r\000e\000n\000c\000e\000\040\000d\000e\000\040\000l\000\047\000e\000s\000p\000a\000c\000e\000\040\000d\000e\000\040\000n\000o\000m\000m\000a\000g\000e\000\040\000s\000r\000c\000.\000p\000u\000i\000s\000s\000a\000n\000c\000e\000Q\000u\000a\000t\000r\000e\000.\000b\000o\000n\000u\000s}{chapter.5}% 82
\BOOKMARK [2][-]{subsection.5.10.1}{\376\377\0005\000.\0001\0000\000.\0001\000\040\000D\000e\000s\000c\000r\000i\000p\000t\000i\000o\000n\000\040\000d\000\351\000t\000a\000i\000l\000l\000\351\000e}{section.5.10}% 83
\BOOKMARK [2][-]{subsection.5.10.2}{\376\377\0005\000.\0001\0000\000.\0002\000\040\000D\000o\000c\000u\000m\000e\000n\000t\000a\000t\000i\000o\000n\000\040\000d\000e\000s\000\040\000f\000o\000n\000c\000t\000i\000o\000n\000s}{section.5.10}% 84
\BOOKMARK [3][-]{subsubsection.5.10.2.1}{\376\377\0005\000.\0001\0000\000.\0002\000.\0001\000\040\000p\0004\000b\000\137\000f\000l\000i\000p\000\137\000g\000r\000i\000d\000\050\000\051}{subsection.5.10.2}% 85
\BOOKMARK [3][-]{subsubsection.5.10.2.2}{\376\377\0005\000.\0001\0000\000.\0002\000.\0002\000\040\000p\0004\000b\000\137\000i\000n\000v\000e\000r\000t\000\137\000g\000r\000i\000d\000\050\000\051}{subsection.5.10.2}% 86
\BOOKMARK [3][-]{subsubsection.5.10.2.3}{\376\377\0005\000.\0001\0000\000.\0002\000.\0003\000\040\000p\0004\000b\000\137\000n\000o\000\137\000b\000o\000n\000u\000s\000\050\000\051}{subsection.5.10.2}% 87
\BOOKMARK [3][-]{subsubsection.5.10.2.4}{\376\377\0005\000.\0001\0000\000.\0002\000.\0004\000\040\000p\0004\000b\000\137\000r\000a\000n\000d\000o\000m\000\137\000p\000l\000a\000c\000e\000m\000e\000n\000t\000\050\000\051}{subsection.5.10.2}% 88
\BOOKMARK [3][-]{subsubsection.5.10.2.5}{\376\377\0005\000.\0001\0000\000.\0002\000.\0005\000\040\000p\0004\000b\000\137\000r\000e\000m\000o\000v\000e\000\137\000f\000u\000l\000l\000\137\000l\000i\000n\000e\000\050\000\051}{subsection.5.10.2}% 89
\BOOKMARK [3][-]{subsubsection.5.10.2.6}{\376\377\0005\000.\0001\0000\000.\0002\000.\0006\000\040\000p\0004\000b\000\137\000u\000s\000e\000\137\000m\000i\000n\000\137\000m\000a\000x\000\050\000\051}{subsection.5.10.2}% 90
\BOOKMARK [1][-]{section.5.11}{\376\377\0005\000.\0001\0001\000\040\000R\000\351\000f\000\351\000r\000e\000n\000c\000e\000\040\000d\000e\000\040\000l\000\047\000e\000s\000p\000a\000c\000e\000\040\000d\000e\000\040\000n\000o\000m\000m\000a\000g\000e\000\040\000s\000r\000c\000.\000p\000u\000i\000s\000s\000a\000n\000c\000e\000Q\000u\000a\000t\000r\000e\000.\000g\000e\000s\000t\000i\000o\000n\000P\000a\000r\000t\000i\000e}{chapter.5}% 91
\BOOKMARK [2][-]{subsection.5.11.1}{\376\377\0005\000.\0001\0001\000.\0001\000\040\000D\000e\000s\000c\000r\000i\000p\000t\000i\000o\000n\000\040\000d\000\351\000t\000a\000i\000l\000l\000\351\000e}{section.5.11}% 92
\BOOKMARK [2][-]{subsection.5.11.2}{\376\377\0005\000.\0001\0001\000.\0002\000\040\000D\000o\000c\000u\000m\000e\000n\000t\000a\000t\000i\000o\000n\000\040\000d\000e\000s\000\040\000f\000o\000n\000c\000t\000i\000o\000n\000s}{section.5.11}% 93
\BOOKMARK [3][-]{subsubsection.5.11.2.1}{\376\377\0005\000.\0001\0001\000.\0002\000.\0001\000\040\000g\000p\000\137\000c\000h\000o\000o\000s\000e\000\137\000b\000o\000n\000u\000s\000\050\000\051}{subsection.5.11.2}% 94
\BOOKMARK [3][-]{subsubsection.5.11.2.2}{\376\377\0005\000.\0001\0001\000.\0002\000.\0002\000\040\000g\000p\000\137\000g\000e\000s\000t\000i\000o\000n\000\137\000p\000a\000r\000t\000i\000e\000\050\000\051}{subsection.5.11.2}% 95
\BOOKMARK [3][-]{subsubsection.5.11.2.3}{\376\377\0005\000.\0001\0001\000.\0002\000.\0003\000\040\000g\000p\000\137\000g\000e\000t\000\137\000p\000l\000a\000y\000e\000r\000\137\000c\000h\000o\000i\000c\000e\000\050\000\051}{subsection.5.11.2}% 96
\BOOKMARK [3][-]{subsubsection.5.11.2.4}{\376\377\0005\000.\0001\0001\000.\0002\000.\0004\000\040\000g\000p\000\137\000h\000a\000n\000d\000l\000e\000\137\000b\000o\000t\000\137\000t\000u\000r\000n\000\050\000\051}{subsection.5.11.2}% 97
\BOOKMARK [3][-]{subsubsection.5.11.2.5}{\376\377\0005\000.\0001\0001\000.\0002\000.\0005\000\040\000g\000p\000\137\000h\000a\000n\000d\000l\000e\000\137\000p\000l\000a\000y\000e\000r\000\137\000t\000u\000r\000n\000\050\000\051}{subsection.5.11.2}% 98
\BOOKMARK [3][-]{subsubsection.5.11.2.6}{\376\377\0005\000.\0001\0001\000.\0002\000.\0006\000\040\000g\000p\000\137\000h\000a\000n\000d\000l\000e\000\137\000u\000n\000d\000o\000\137\000r\000e\000d\000o\000\050\000\051}{subsection.5.11.2}% 99
\BOOKMARK [3][-]{subsubsection.5.11.2.7}{\376\377\0005\000.\0001\0001\000.\0002\000.\0007\000\040\000g\000p\000\137\000h\000a\000n\000d\000l\000e\000\137\000v\000i\000c\000t\000o\000r\000y\000\050\000\051}{subsection.5.11.2}% 100
\BOOKMARK [3][-]{subsubsection.5.11.2.8}{\376\377\0005\000.\0001\0001\000.\0002\000.\0008\000\040\000g\000p\000\137\000s\000h\000o\000w\000\137\000r\000u\000l\000e\000s\000\050\000\051}{subsection.5.11.2}% 101
\BOOKMARK [3][-]{subsubsection.5.11.2.9}{\376\377\0005\000.\0001\0001\000.\0002\000.\0009\000\040\000g\000p\000\137\000s\000t\000a\000r\000t\000\137\000g\000a\000m\000e\000\050\000\051}{subsection.5.11.2}% 102
\BOOKMARK [3][-]{subsubsection.5.11.2.10}{\376\377\0005\000.\0001\0001\000.\0002\000.\0001\0000\000\040\000g\000p\000\137\000u\000s\000e\000\137\000b\000o\000n\000u\000s\000\050\000\051}{subsection.5.11.2}% 103
\BOOKMARK [1][-]{section.5.12}{\376\377\0005\000.\0001\0002\000\040\000R\000\351\000f\000\351\000r\000e\000n\000c\000e\000\040\000d\000e\000\040\000l\000\047\000e\000s\000p\000a\000c\000e\000\040\000d\000e\000\040\000n\000o\000m\000m\000a\000g\000e\000\040\000s\000r\000c\000.\000p\000u\000i\000s\000s\000a\000n\000c\000e\000Q\000u\000a\000t\000r\000e\000.\000g\000r\000i\000d}{chapter.5}% 104
\BOOKMARK [2][-]{subsection.5.12.1}{\376\377\0005\000.\0001\0002\000.\0001\000\040\000D\000e\000s\000c\000r\000i\000p\000t\000i\000o\000n\000\040\000d\000\351\000t\000a\000i\000l\000l\000\351\000e}{section.5.12}% 105
\BOOKMARK [2][-]{subsection.5.12.2}{\376\377\0005\000.\0001\0002\000.\0002\000\040\000D\000o\000c\000u\000m\000e\000n\000t\000a\000t\000i\000o\000n\000\040\000d\000e\000s\000\040\000f\000o\000n\000c\000t\000i\000o\000n\000s}{section.5.12}% 106
\BOOKMARK [3][-]{subsubsection.5.12.2.1}{\376\377\0005\000.\0001\0002\000.\0002\000.\0001\000\040\000g\000r\000\137\000a\000p\000p\000l\000y\000\137\000g\000r\000a\000v\000i\000t\000y\000\050\000\051}{subsection.5.12.2}% 107
\BOOKMARK [3][-]{subsubsection.5.12.2.2}{\376\377\0005\000.\0001\0002\000.\0002\000.\0002\000\040\000g\000r\000\137\000i\000n\000i\000t\000\137\000g\000r\000i\000l\000l\000e\000\050\000\051}{subsection.5.12.2}% 108
\BOOKMARK [3][-]{subsubsection.5.12.2.3}{\376\377\0005\000.\0001\0002\000.\0002\000.\0003\000\040\000g\000r\000\137\000p\000r\000i\000n\000t\000\137\000g\000r\000i\000l\000l\000e\000\050\000\051}{subsection.5.12.2}% 109
\BOOKMARK [3][-]{subsubsection.5.12.2.4}{\376\377\0005\000.\0001\0002\000.\0002\000.\0004\000\040\000g\000r\000\137\000r\000e\000s\000e\000t\000\137\000g\000r\000i\000l\000l\000e\000\050\000\051}{subsection.5.12.2}% 110
\BOOKMARK [1][-]{section.5.13}{\376\377\0005\000.\0001\0003\000\040\000R\000\351\000f\000\351\000r\000e\000n\000c\000e\000\040\000d\000e\000\040\000l\000\047\000e\000s\000p\000a\000c\000e\000\040\000d\000e\000\040\000n\000o\000m\000m\000a\000g\000e\000\040\000s\000r\000c\000.\000p\000u\000i\000s\000s\000a\000n\000c\000e\000Q\000u\000a\000t\000r\000e\000.\000p\000u\000i\000s\000s\000a\000n\000c\000e\000Q\000u\000a\000t\000r\000e}{chapter.5}% 111
\BOOKMARK [2][-]{subsection.5.13.1}{\376\377\0005\000.\0001\0003\000.\0001\000\040\000D\000e\000s\000c\000r\000i\000p\000t\000i\000o\000n\000\040\000d\000\351\000t\000a\000i\000l\000l\000\351\000e}{section.5.13}% 112
\BOOKMARK [2][-]{subsection.5.13.2}{\376\377\0005\000.\0001\0003\000.\0002\000\040\000D\000o\000c\000u\000m\000e\000n\000t\000a\000t\000i\000o\000n\000\040\000d\000e\000s\000\040\000f\000o\000n\000c\000t\000i\000o\000n\000s}{section.5.13}% 113
\BOOKMARK [3][-]{subsubsection.5.13.2.1}{\376\377\0005\000.\0001\0003\000.\0002\000.\0001\000\040\000p\000q\000\137\000a\000j\000o\000u\000t\000\137\000p\000i\000e\000c\000e\000\050\000\051}{subsection.5.13.2}% 114
\BOOKMARK [3][-]{subsubsection.5.13.2.2}{\376\377\0005\000.\0001\0003\000.\0002\000.\0002\000\040\000p\000q\000\137\000f\000i\000n\000d\000\137\000h\000o\000l\000e\000\050\000\051}{subsection.5.13.2}% 115
\BOOKMARK [3][-]{subsubsection.5.13.2.3}{\376\377\0005\000.\0001\0003\000.\0002\000.\0003\000\040\000p\000q\000\137\000m\000i\000n\000m\000a\000x\000\050\000\051}{subsection.5.13.2}% 116
\BOOKMARK [3][-]{subsubsection.5.13.2.4}{\376\377\0005\000.\0001\0003\000.\0002\000.\0004\000\040\000p\000q\000\137\000p\000a\000r\000t\000i\000e\000\137\000f\000i\000n\000i\000e\000\050\000\051}{subsection.5.13.2}% 117
\BOOKMARK [3][-]{subsubsection.5.13.2.5}{\376\377\0005\000.\0001\0003\000.\0002\000.\0005\000\040\000p\000q\000\137\000r\000e\000d\000o\000\050\000\051}{subsection.5.13.2}% 118
\BOOKMARK [3][-]{subsubsection.5.13.2.6}{\376\377\0005\000.\0001\0003\000.\0002\000.\0006\000\040\000p\000q\000\137\000u\000n\000d\000o\000\050\000\051}{subsection.5.13.2}% 119
\BOOKMARK [3][-]{subsubsection.5.13.2.7}{\376\377\0005\000.\0001\0003\000.\0002\000.\0007\000\040\000p\000q\000\137\000v\000e\000r\000i\000f\000\137\000c\000o\000l\000o\000n\000n\000e\000\050\000\051}{subsection.5.13.2}% 120
\BOOKMARK [3][-]{subsubsection.5.13.2.8}{\376\377\0005\000.\0001\0003\000.\0002\000.\0008\000\040\000p\000q\000\137\000v\000i\000c\000t\000o\000i\000r\000e\000\050\000\051}{subsection.5.13.2}% 121
\BOOKMARK [3][-]{subsubsection.5.13.2.9}{\376\377\0005\000.\0001\0003\000.\0002\000.\0009\000\040\000p\000q\000\137\000v\000i\000c\000t\000o\000i\000r\000e\000\137\000c\000o\000l\000o\000n\000n\000e\000\050\000\051}{subsection.5.13.2}% 122
\BOOKMARK [3][-]{subsubsection.5.13.2.10}{\376\377\0005\000.\0001\0003\000.\0002\000.\0001\0000\000\040\000p\000q\000\137\000v\000i\000c\000t\000o\000i\000r\000e\000\137\000d\000i\000a\000g\000o\000\050\000\051}{subsection.5.13.2}% 123
\BOOKMARK [3][-]{subsubsection.5.13.2.11}{\376\377\0005\000.\0001\0003\000.\0002\000.\0001\0001\000\040\000p\000q\000\137\000v\000i\000c\000t\000o\000i\000r\000e\000\137\000l\000i\000g\000n\000e\000\050\000\051}{subsection.5.13.2}% 124
\BOOKMARK [1][-]{section.5.14}{\376\377\0005\000.\0001\0004\000\040\000R\000\351\000f\000\351\000r\000e\000n\000c\000e\000\040\000d\000e\000\040\000l\000\047\000e\000s\000p\000a\000c\000e\000\040\000d\000e\000\040\000n\000o\000m\000m\000a\000g\000e\000\040\000s\000r\000c\000.\000u\000t\000i\000l\000s}{chapter.5}% 125
\BOOKMARK [1][-]{section.5.15}{\376\377\0005\000.\0001\0005\000\040\000R\000\351\000f\000\351\000r\000e\000n\000c\000e\000\040\000d\000e\000\040\000l\000\047\000e\000s\000p\000a\000c\000e\000\040\000d\000e\000\040\000n\000o\000m\000m\000a\000g\000e\000\040\000s\000r\000c\000.\000u\000t\000i\000l\000s\000.\000b\000o\000n\000u\000s\000\137\000u\000t\000i\000l\000s}{chapter.5}% 126
\BOOKMARK [2][-]{subsection.5.15.1}{\376\377\0005\000.\0001\0005\000.\0001\000\040\000D\000e\000s\000c\000r\000i\000p\000t\000i\000o\000n\000\040\000d\000\351\000t\000a\000i\000l\000l\000\351\000e}{section.5.15}% 127
\BOOKMARK [2][-]{subsection.5.15.2}{\376\377\0005\000.\0001\0005\000.\0002\000\040\000D\000o\000c\000u\000m\000e\000n\000t\000a\000t\000i\000o\000n\000\040\000d\000e\000s\000\040\000f\000o\000n\000c\000t\000i\000o\000n\000s}{section.5.15}% 128
\BOOKMARK [3][-]{subsubsection.5.15.2.1}{\376\377\0005\000.\0001\0005\000.\0002\000.\0001\000\040\000b\000u\000\137\000f\000o\000r\000m\000a\000t\000\137\000b\000o\000n\000u\000s\000\137\000n\000a\000m\000e\000\050\000\051}{subsection.5.15.2}% 129
\BOOKMARK [3][-]{subsubsection.5.15.2.2}{\376\377\0005\000.\0001\0005\000.\0002\000.\0002\000\040\000b\000u\000\137\000g\000e\000t\000\137\000b\000o\000n\000u\000s\000\137\000d\000e\000s\000c\000r\000i\000p\000t\000i\000o\000n\000\050\000\051}{subsection.5.15.2}% 130
\BOOKMARK [3][-]{subsubsection.5.15.2.3}{\376\377\0005\000.\0001\0005\000.\0002\000.\0003\000\040\000b\000u\000\137\000g\000e\000t\000\137\000b\000o\000n\000u\000s\000\137\000n\000a\000m\000e\000\050\000\051}{subsection.5.15.2}% 131
\BOOKMARK [3][-]{subsubsection.5.15.2.4}{\376\377\0005\000.\0001\0005\000.\0002\000.\0004\000\040\000b\000u\000\137\000g\000e\000t\000\137\000b\000o\000n\000u\000s\000e\000s\000\050\000\051}{subsection.5.15.2}% 132
\BOOKMARK [3][-]{subsubsection.5.15.2.5}{\376\377\0005\000.\0001\0005\000.\0002\000.\0005\000\040\000b\000u\000\137\000u\000n\000f\000o\000r\000m\000a\000t\000\137\000b\000o\000n\000u\000s\000\137\000n\000a\000m\000e\000\050\000\051}{subsection.5.15.2}% 133
\BOOKMARK [1][-]{section.5.16}{\376\377\0005\000.\0001\0006\000\040\000R\000\351\000f\000\351\000r\000e\000n\000c\000e\000\040\000d\000e\000\040\000l\000\047\000e\000s\000p\000a\000c\000e\000\040\000d\000e\000\040\000n\000o\000m\000m\000a\000g\000e\000\040\000s\000r\000c\000.\000u\000t\000i\000l\000s\000.\000c\000o\000l\000o\000r\000s\000\137\000u\000t\000i\000l\000s}{chapter.5}% 134
\BOOKMARK [2][-]{subsection.5.16.1}{\376\377\0005\000.\0001\0006\000.\0001\000\040\000D\000e\000s\000c\000r\000i\000p\000t\000i\000o\000n\000\040\000d\000\351\000t\000a\000i\000l\000l\000\351\000e}{section.5.16}% 135
\BOOKMARK [2][-]{subsection.5.16.2}{\376\377\0005\000.\0001\0006\000.\0002\000\040\000D\000o\000c\000u\000m\000e\000n\000t\000a\000t\000i\000o\000n\000\040\000d\000e\000s\000\040\000f\000o\000n\000c\000t\000i\000o\000n\000s}{section.5.16}% 136
\BOOKMARK [3][-]{subsubsection.5.16.2.1}{\376\377\0005\000.\0001\0006\000.\0002\000.\0001\000\040\000c\000u\000\137\000c\000o\000l\000o\000r\000s\000\137\000t\000o\000o\000\137\000c\000l\000o\000s\000e\000\050\000\051}{subsection.5.16.2}% 137
\BOOKMARK [3][-]{subsubsection.5.16.2.2}{\376\377\0005\000.\0001\0006\000.\0002\000.\0002\000\040\000c\000u\000\137\000h\000e\000x\000\137\000t\000o\000\137\000r\000g\000b\000\050\000\051}{subsection.5.16.2}% 138
\BOOKMARK [3][-]{subsubsection.5.16.2.3}{\376\377\0005\000.\0001\0006\000.\0002\000.\0003\000\040\000c\000u\000\137\000r\000e\000d\000u\000c\000e\000\137\000h\000u\000e\000\050\000\051}{subsection.5.16.2}% 139
\BOOKMARK [3][-]{subsubsection.5.16.2.4}{\376\377\0005\000.\0001\0006\000.\0002\000.\0004\000\040\000c\000u\000\137\000r\000g\000b\000\137\000d\000i\000s\000t\000a\000n\000c\000e\000\050\000\051}{subsection.5.16.2}% 140
\BOOKMARK [3][-]{subsubsection.5.16.2.5}{\376\377\0005\000.\0001\0006\000.\0002\000.\0005\000\040\000c\000u\000\137\000r\000g\000b\000\137\000t\000o\000\137\000h\000e\000x\000\050\000\051}{subsection.5.16.2}% 141
\BOOKMARK [1][-]{section.5.17}{\376\377\0005\000.\0001\0007\000\040\000R\000\351\000f\000\351\000r\000e\000n\000c\000e\000\040\000d\000e\000\040\000l\000\047\000e\000s\000p\000a\000c\000e\000\040\000d\000e\000\040\000n\000o\000m\000m\000a\000g\000e\000\040\000s\000r\000c\000.\000u\000t\000i\000l\000s\000.\000w\000i\000d\000g\000e\000t\000\137\000u\000t\000i\000l\000s}{chapter.5}% 142
\BOOKMARK [2][-]{subsection.5.17.1}{\376\377\0005\000.\0001\0007\000.\0001\000\040\000D\000e\000s\000c\000r\000i\000p\000t\000i\000o\000n\000\040\000d\000\351\000t\000a\000i\000l\000l\000\351\000e}{section.5.17}% 143
\BOOKMARK [2][-]{subsection.5.17.2}{\376\377\0005\000.\0001\0007\000.\0002\000\040\000D\000o\000c\000u\000m\000e\000n\000t\000a\000t\000i\000o\000n\000\040\000d\000e\000s\000\040\000f\000o\000n\000c\000t\000i\000o\000n\000s}{section.5.17}% 144
\BOOKMARK [3][-]{subsubsection.5.17.2.1}{\376\377\0005\000.\0001\0007\000.\0002\000.\0001\000\040\000w\000u\000\137\000g\000e\000t\000\137\000f\000o\000n\000t\000\137\000s\000i\000z\000e\000\050\000\051}{subsection.5.17.2}% 145
\BOOKMARK [3][-]{subsubsection.5.17.2.2}{\376\377\0005\000.\0001\0007\000.\0002\000.\0002\000\040\000w\000u\000\137\000g\000e\000t\000\137\000f\000o\000n\000t\000\137\000s\000i\000z\000e\000\137\000w\000i\000n\000d\000o\000w\000\050\000\051}{subsection.5.17.2}% 146
\BOOKMARK [3][-]{subsubsection.5.17.2.3}{\376\377\0005\000.\0001\0007\000.\0002\000.\0003\000\040\000w\000u\000\137\000g\000e\000t\000\137\000g\000r\000i\000d\000\137\000s\000i\000z\000e\000\050\000\051}{subsection.5.17.2}% 147
\BOOKMARK [3][-]{subsubsection.5.17.2.4}{\376\377\0005\000.\0001\0007\000.\0002\000.\0004\000\040\000w\000u\000\137\000g\000e\000t\000\137\000s\000c\000r\000e\000e\000n\000\137\000s\000i\000z\000e\000\050\000\051}{subsection.5.17.2}% 148
\BOOKMARK [1][-]{section.5.18}{\376\377\0005\000.\0001\0008\000\040\000R\000\351\000f\000\351\000r\000e\000n\000c\000e\000\040\000d\000e\000\040\000l\000\047\000e\000s\000p\000a\000c\000e\000\040\000d\000e\000\040\000n\000o\000m\000m\000a\000g\000e\000\040\000s\000r\000c\000.\000v\000i\000e\000w}{chapter.5}% 149
\BOOKMARK [1][-]{section.5.19}{\376\377\0005\000.\0001\0009\000\040\000R\000\351\000f\000\351\000r\000e\000n\000c\000e\000\040\000d\000e\000\040\000l\000\047\000e\000s\000p\000a\000c\000e\000\040\000d\000e\000\040\000n\000o\000m\000m\000a\000g\000e\000\040\000s\000r\000c\000.\000v\000i\000e\000w\000.\000v\000i\000e\000w\000\137\000m\000a\000i\000n}{chapter.5}% 150
\BOOKMARK [2][-]{subsection.5.19.1}{\376\377\0005\000.\0001\0009\000.\0001\000\040\000D\000e\000s\000c\000r\000i\000p\000t\000i\000o\000n\000\040\000d\000\351\000t\000a\000i\000l\000l\000\351\000e}{section.5.19}% 151
\BOOKMARK [2][-]{subsection.5.19.2}{\376\377\0005\000.\0001\0009\000.\0002\000\040\000D\000o\000c\000u\000m\000e\000n\000t\000a\000t\000i\000o\000n\000\040\000d\000e\000s\000\040\000f\000o\000n\000c\000t\000i\000o\000n\000s}{section.5.19}% 152
\BOOKMARK [3][-]{subsubsection.5.19.2.1}{\376\377\0005\000.\0001\0009\000.\0002\000.\0001\000\040\000v\000m\000\137\000i\000n\000i\000t\000\050\000\051}{subsection.5.19.2}% 153
\BOOKMARK [3][-]{subsubsection.5.19.2.2}{\376\377\0005\000.\0001\0009\000.\0002\000.\0002\000\040\000v\000m\000\137\000m\000e\000n\000u\000\050\000\051}{subsection.5.19.2}% 154
\BOOKMARK [3][-]{subsubsection.5.19.2.3}{\376\377\0005\000.\0001\0009\000.\0002\000.\0003\000\040\000v\000m\000\137\000m\000e\000s\000s\000a\000g\000e\000\137\000g\000a\000m\000e\000\137\000e\000n\000d\000e\000d\000\050\000\051}{subsection.5.19.2}% 155
\BOOKMARK [3][-]{subsubsection.5.19.2.4}{\376\377\0005\000.\0001\0009\000.\0002\000.\0004\000\040\000v\000m\000\137\000m\000e\000s\000s\000a\000g\000e\000\137\000i\000n\000f\000o\000\050\000\051}{subsection.5.19.2}% 156
\BOOKMARK [3][-]{subsubsection.5.19.2.5}{\376\377\0005\000.\0001\0009\000.\0002\000.\0005\000\040\000v\000m\000\137\000m\000e\000s\000s\000a\000g\000e\000\137\000w\000a\000r\000n\000i\000n\000g\000\050\000\051}{subsection.5.19.2}% 157
\BOOKMARK [3][-]{subsubsection.5.19.2.6}{\376\377\0005\000.\0001\0009\000.\0002\000.\0006\000\040\000v\000m\000\137\000q\000u\000i\000t\000\050\000\051}{subsection.5.19.2}% 158
\BOOKMARK [3][-]{subsubsection.5.19.2.7}{\376\377\0005\000.\0001\0009\000.\0002\000.\0007\000\040\000v\000m\000\137\000r\000e\000m\000o\000v\000e\000\137\000f\000r\000a\000m\000e\000\050\000\051}{subsection.5.19.2}% 159
\BOOKMARK [3][-]{subsubsection.5.19.2.8}{\376\377\0005\000.\0001\0009\000.\0002\000.\0008\000\040\000v\000m\000\137\000u\000p\000d\000a\000t\000e\000\050\000\051}{subsection.5.19.2}% 160
\BOOKMARK [1][-]{section.5.20}{\376\377\0005\000.\0002\0000\000\040\000R\000\351\000f\000\351\000r\000e\000n\000c\000e\000\040\000d\000e\000\040\000l\000\047\000e\000s\000p\000a\000c\000e\000\040\000d\000e\000\040\000n\000o\000m\000m\000a\000g\000e\000\040\000s\000r\000c\000.\000v\000i\000e\000w\000.\000v\000i\000e\000w\000\137\000p\000a\000g\000e\000A\000c\000c\000u\000e\000i\000l}{chapter.5}% 161
\BOOKMARK [2][-]{subsection.5.20.1}{\376\377\0005\000.\0002\0000\000.\0001\000\040\000D\000e\000s\000c\000r\000i\000p\000t\000i\000o\000n\000\040\000d\000\351\000t\000a\000i\000l\000l\000\351\000e}{section.5.20}% 162
\BOOKMARK [2][-]{subsection.5.20.2}{\376\377\0005\000.\0002\0000\000.\0002\000\040\000D\000o\000c\000u\000m\000e\000n\000t\000a\000t\000i\000o\000n\000\040\000d\000e\000s\000\040\000f\000o\000n\000c\000t\000i\000o\000n\000s}{section.5.20}% 163
\BOOKMARK [3][-]{subsubsection.5.20.2.1}{\376\377\0005\000.\0002\0000\000.\0002\000.\0001\000\040\000v\000p\000a\000\137\000d\000e\000s\000t\000r\000o\000y\000\050\000\051}{subsection.5.20.2}% 164
\BOOKMARK [3][-]{subsubsection.5.20.2.2}{\376\377\0005\000.\0002\0000\000.\0002\000.\0002\000\040\000v\000p\000a\000\137\000i\000n\000i\000t\000\050\000\051}{subsection.5.20.2}% 165
\BOOKMARK [1][-]{section.5.21}{\376\377\0005\000.\0002\0001\000\040\000R\000\351\000f\000\351\000r\000e\000n\000c\000e\000\040\000d\000e\000\040\000l\000\047\000e\000s\000p\000a\000c\000e\000\040\000d\000e\000\040\000n\000o\000m\000m\000a\000g\000e\000\040\000s\000r\000c\000.\000v\000i\000e\000w\000.\000v\000i\000e\000w\000\137\000p\000a\000g\000e\000B\000o\000n\000u\000s}{chapter.5}% 166
\BOOKMARK [2][-]{subsection.5.21.1}{\376\377\0005\000.\0002\0001\000.\0001\000\040\000D\000e\000s\000c\000r\000i\000p\000t\000i\000o\000n\000\040\000d\000\351\000t\000a\000i\000l\000l\000\351\000e}{section.5.21}% 167
\BOOKMARK [2][-]{subsection.5.21.2}{\376\377\0005\000.\0002\0001\000.\0002\000\040\000D\000o\000c\000u\000m\000e\000n\000t\000a\000t\000i\000o\000n\000\040\000d\000e\000s\000\040\000f\000o\000n\000c\000t\000i\000o\000n\000s}{section.5.21}% 168
\BOOKMARK [3][-]{subsubsection.5.21.2.1}{\376\377\0005\000.\0002\0001\000.\0002\000.\0001\000\040\000v\000p\000b\000\137\000g\000e\000t\000\137\000b\000o\000n\000u\000s\000\050\000\051}{subsection.5.21.2}% 169
\BOOKMARK [3][-]{subsubsection.5.21.2.2}{\376\377\0005\000.\0002\0001\000.\0002\000.\0002\000\040\000v\000p\000b\000\137\000g\000e\000t\000\137\000f\000r\000a\000m\000e\000\050\000\051}{subsection.5.21.2}% 170
\BOOKMARK [3][-]{subsubsection.5.21.2.3}{\376\377\0005\000.\0002\0001\000.\0002\000.\0003\000\040\000v\000p\000b\000\137\000i\000n\000i\000t\000\050\000\051}{subsection.5.21.2}% 171
\BOOKMARK [3][-]{subsubsection.5.21.2.4}{\376\377\0005\000.\0002\0001\000.\0002\000.\0004\000\040\000v\000p\000b\000\137\000s\000h\000o\000w\000\137\000b\000o\000n\000u\000s\000\137\000d\000e\000s\000c\000r\000i\000p\000t\000i\000o\000n\000\050\000\051}{subsection.5.21.2}% 172
\BOOKMARK [1][-]{section.5.22}{\376\377\0005\000.\0002\0002\000\040\000R\000\351\000f\000\351\000r\000e\000n\000c\000e\000\040\000d\000e\000\040\000l\000\047\000e\000s\000p\000a\000c\000e\000\040\000d\000e\000\040\000n\000o\000m\000m\000a\000g\000e\000\040\000s\000r\000c\000.\000v\000i\000e\000w\000.\000v\000i\000e\000w\000\137\000p\000a\000g\000e\000J\000e\000u}{chapter.5}% 173
\BOOKMARK [2][-]{subsection.5.22.1}{\376\377\0005\000.\0002\0002\000.\0001\000\040\000D\000e\000s\000c\000r\000i\000p\000t\000i\000o\000n\000\040\000d\000\351\000t\000a\000i\000l\000l\000\351\000e}{section.5.22}% 174
\BOOKMARK [2][-]{subsection.5.22.2}{\376\377\0005\000.\0002\0002\000.\0002\000\040\000D\000o\000c\000u\000m\000e\000n\000t\000a\000t\000i\000o\000n\000\040\000d\000e\000s\000\040\000f\000o\000n\000c\000t\000i\000o\000n\000s}{section.5.22}% 175
\BOOKMARK [3][-]{subsubsection.5.22.2.1}{\376\377\0005\000.\0002\0002\000.\0002\000.\0001\000\040\000v\000p\000j\000\137\000b\000o\000n\000u\000s\000\137\000a\000c\000t\000i\000v\000a\000t\000i\000o\000n\000\050\000\051}{subsection.5.22.2}% 176
\BOOKMARK [3][-]{subsubsection.5.22.2.2}{\376\377\0005\000.\0002\0002\000.\0002\000.\0002\000\040\000v\000p\000j\000\137\000b\000o\000t\000\137\000t\000u\000r\000n\000\050\000\051}{subsection.5.22.2}% 177
\BOOKMARK [3][-]{subsubsection.5.22.2.3}{\376\377\0005\000.\0002\0002\000.\0002\000.\0003\000\040\000v\000p\000j\000\137\000d\000e\000s\000t\000r\000o\000y\000\050\000\051}{subsection.5.22.2}% 178
\BOOKMARK [3][-]{subsubsection.5.22.2.4}{\376\377\0005\000.\0002\0002\000.\0002\000.\0004\000\040\000v\000p\000j\000\137\000d\000i\000s\000a\000b\000l\000e\000\137\000b\000o\000n\000u\000s\000\050\000\051}{subsection.5.22.2}% 179
\BOOKMARK [3][-]{subsubsection.5.22.2.5}{\376\377\0005\000.\0002\0002\000.\0002\000.\0005\000\040\000v\000p\000j\000\137\000d\000r\000a\000w\000\137\000g\000r\000i\000d\000\050\000\051}{subsection.5.22.2}% 180
\BOOKMARK [3][-]{subsubsection.5.22.2.6}{\376\377\0005\000.\0002\0002\000.\0002\000.\0006\000\040\000v\000p\000j\000\137\000g\000e\000t\000\137\000f\000r\000a\000m\000e\000\050\000\051}{subsection.5.22.2}% 181
\BOOKMARK [3][-]{subsubsection.5.22.2.7}{\376\377\0005\000.\0002\0002\000.\0002\000.\0007\000\040\000v\000p\000j\000\137\000g\000e\000t\000\137\000g\000r\000i\000d\000\137\000c\000e\000l\000l\000\050\000\051}{subsection.5.22.2}% 182
\BOOKMARK [3][-]{subsubsection.5.22.2.8}{\376\377\0005\000.\0002\0002\000.\0002\000.\0008\000\040\000v\000p\000j\000\137\000i\000n\000i\000t\000\137\000p\000a\000g\000e\000\137\000j\000e\000u\000\050\000\051}{subsection.5.22.2}% 183
\BOOKMARK [3][-]{subsubsection.5.22.2.9}{\376\377\0005\000.\0002\0002\000.\0002\000.\0009\000\040\000v\000p\000j\000\137\000r\000e\000s\000e\000t\000\137\000h\000o\000v\000e\000r\000\050\000\051}{subsection.5.22.2}% 184
\BOOKMARK [3][-]{subsubsection.5.22.2.10}{\376\377\0005\000.\0002\0002\000.\0002\000.\0001\0000\000\040\000v\000p\000j\000\137\000s\000e\000t\000\137\000i\000n\000f\000o\000\050\000\051}{subsection.5.22.2}% 185
\BOOKMARK [3][-]{subsubsection.5.22.2.11}{\376\377\0005\000.\0002\0002\000.\0002\000.\0001\0001\000\040\000v\000p\000j\000\137\000s\000h\000o\000w\000\137\000c\000o\000i\000n\000\050\000\051}{subsection.5.22.2}% 186
\BOOKMARK [3][-]{subsubsection.5.22.2.12}{\376\377\0005\000.\0002\0002\000.\0002\000.\0001\0002\000\040\000v\000p\000j\000\137\000s\000h\000o\000w\000\137\000h\000o\000v\000e\000r\000\050\000\051}{subsection.5.22.2}% 187
\BOOKMARK [1][-]{section.5.23}{\376\377\0005\000.\0002\0003\000\040\000R\000\351\000f\000\351\000r\000e\000n\000c\000e\000\040\000d\000e\000\040\000l\000\047\000e\000s\000p\000a\000c\000e\000\040\000d\000e\000\040\000n\000o\000m\000m\000a\000g\000e\000\040\000s\000r\000c\000.\000v\000i\000e\000w\000.\000v\000i\000e\000w\000\137\000p\000a\000g\000e\000P\000a\000r\000a\000m\000e\000t\000r\000e\000s}{chapter.5}% 188
\BOOKMARK [2][-]{subsection.5.23.1}{\376\377\0005\000.\0002\0003\000.\0001\000\040\000D\000e\000s\000c\000r\000i\000p\000t\000i\000o\000n\000\040\000d\000\351\000t\000a\000i\000l\000l\000\351\000e}{section.5.23}% 189
\BOOKMARK [2][-]{subsection.5.23.2}{\376\377\0005\000.\0002\0003\000.\0002\000\040\000D\000o\000c\000u\000m\000e\000n\000t\000a\000t\000i\000o\000n\000\040\000d\000e\000s\000\040\000f\000o\000n\000c\000t\000i\000o\000n\000s}{section.5.23}% 190
\BOOKMARK [3][-]{subsubsection.5.23.2.1}{\376\377\0005\000.\0002\0003\000.\0002\000.\0001\000\040\000v\000p\000p\000\137\000a\000s\000k\000c\000o\000l\000o\000r\000\050\000\051}{subsection.5.23.2}% 191
\BOOKMARK [3][-]{subsubsection.5.23.2.2}{\376\377\0005\000.\0002\0003\000.\0002\000.\0002\000\040\000v\000p\000p\000\137\000g\000e\000t\000\137\000b\000o\000t\000\137\000c\000o\000l\000o\000r\000\050\000\051}{subsection.5.23.2}% 192
\BOOKMARK [3][-]{subsubsection.5.23.2.3}{\376\377\0005\000.\0002\0003\000.\0002\000.\0003\000\040\000v\000p\000p\000\137\000g\000e\000t\000\137\000d\000i\000f\000f\000i\000c\000u\000l\000t\000y\000\050\000\051}{subsection.5.23.2}% 193
\BOOKMARK [3][-]{subsubsection.5.23.2.4}{\376\377\0005\000.\0002\0003\000.\0002\000.\0004\000\040\000v\000p\000p\000\137\000g\000e\000t\000\137\000g\000r\000i\000d\000\137\000c\000o\000l\000o\000r\000\050\000\051}{subsection.5.23.2}% 194
\BOOKMARK [3][-]{subsubsection.5.23.2.5}{\376\377\0005\000.\0002\0003\000.\0002\000.\0005\000\040\000v\000p\000p\000\137\000g\000e\000t\000\137\000j\000o\000u\000e\000u\000r\000\137\000c\000o\000l\000o\000r\000\050\000\051}{subsection.5.23.2}% 195
\BOOKMARK [3][-]{subsubsection.5.23.2.6}{\376\377\0005\000.\0002\0003\000.\0002\000.\0006\000\040\000v\000p\000p\000\137\000g\000e\000t\000\137\000n\000b\000\137\000c\000o\000l\000u\000m\000n\000s\000\050\000\051}{subsection.5.23.2}% 196
\BOOKMARK [3][-]{subsubsection.5.23.2.7}{\376\377\0005\000.\0002\0003\000.\0002\000.\0007\000\040\000v\000p\000p\000\137\000g\000e\000t\000\137\000n\000b\000\137\000j\000e\000t\000o\000n\000s\000\050\000\051}{subsection.5.23.2}% 197
\BOOKMARK [3][-]{subsubsection.5.23.2.8}{\376\377\0005\000.\0002\0003\000.\0002\000.\0008\000\040\000v\000p\000p\000\137\000g\000e\000t\000\137\000n\000b\000\137\000r\000o\000w\000s\000\050\000\051}{subsection.5.23.2}% 198
\BOOKMARK [3][-]{subsubsection.5.23.2.9}{\376\377\0005\000.\0002\0003\000.\0002\000.\0009\000\040\000v\000p\000p\000\137\000i\000n\000i\000t\000\050\000\051}{subsection.5.23.2}% 199
\BOOKMARK [3][-]{subsubsection.5.23.2.10}{\376\377\0005\000.\0002\0003\000.\0002\000.\0001\0000\000\040\000v\000p\000p\000\137\000i\000n\000i\000t\000\137\000c\000u\000s\000t\000o\000m\000\050\000\051}{subsection.5.23.2}% 200
\BOOKMARK [3][-]{subsubsection.5.23.2.11}{\376\377\0005\000.\0002\0003\000.\0002\000.\0001\0001\000\040\000v\000p\000p\000\137\000i\000n\000i\000t\000\137\000s\000e\000t\000t\000i\000n\000g\000s\000\050\000\051}{subsection.5.23.2}% 201
\BOOKMARK [3][-]{subsubsection.5.23.2.12}{\376\377\0005\000.\0002\0003\000.\0002\000.\0001\0002\000\040\000v\000p\000p\000\137\000r\000e\000s\000e\000t\000\137\000c\000u\000s\000t\000o\000m\000s\000\050\000\051}{subsection.5.23.2}% 202
\BOOKMARK [3][-]{subsubsection.5.23.2.13}{\376\377\0005\000.\0002\0003\000.\0002\000.\0001\0003\000\040\000v\000p\000p\000\137\000r\000e\000s\000e\000t\000\137\000s\000e\000t\000t\000i\000n\000g\000s\000\050\000\051}{subsection.5.23.2}% 203
\BOOKMARK [3][-]{subsubsection.5.23.2.14}{\376\377\0005\000.\0002\0003\000.\0002\000.\0001\0004\000\040\000v\000p\000p\000\137\000s\000e\000t\000\137\000b\000o\000t\000\137\000c\000o\000l\000o\000r\000\050\000\051}{subsection.5.23.2}% 204
\BOOKMARK [3][-]{subsubsection.5.23.2.15}{\376\377\0005\000.\0002\0003\000.\0002\000.\0001\0005\000\040\000v\000p\000p\000\137\000s\000e\000t\000\137\000d\000i\000f\000f\000i\000c\000u\000l\000t\000y\000\050\000\051}{subsection.5.23.2}% 205
\BOOKMARK [3][-]{subsubsection.5.23.2.16}{\376\377\0005\000.\0002\0003\000.\0002\000.\0001\0006\000\040\000v\000p\000p\000\137\000s\000e\000t\000\137\000g\000r\000i\000d\000\137\000c\000o\000l\000o\000r\000\050\000\051}{subsection.5.23.2}% 206
\BOOKMARK [3][-]{subsubsection.5.23.2.17}{\376\377\0005\000.\0002\0003\000.\0002\000.\0001\0007\000\040\000v\000p\000p\000\137\000s\000e\000t\000\137\000j\000o\000u\000e\000u\000r\000\137\000c\000o\000l\000o\000r\000\050\000\051}{subsection.5.23.2}% 207
\BOOKMARK [3][-]{subsubsection.5.23.2.18}{\376\377\0005\000.\0002\0003\000.\0002\000.\0001\0008\000\040\000v\000p\000p\000\137\000s\000e\000t\000\137\000n\000b\000\137\000c\000o\000l\000u\000m\000n\000s\000\050\000\051}{subsection.5.23.2}% 208
\BOOKMARK [3][-]{subsubsection.5.23.2.19}{\376\377\0005\000.\0002\0003\000.\0002\000.\0001\0009\000\040\000v\000p\000p\000\137\000s\000e\000t\000\137\000n\000b\000\137\000j\000e\000t\000o\000n\000s\000\050\000\051}{subsection.5.23.2}% 209
\BOOKMARK [3][-]{subsubsection.5.23.2.20}{\376\377\0005\000.\0002\0003\000.\0002\000.\0002\0000\000\040\000v\000p\000p\000\137\000s\000e\000t\000\137\000n\000b\000\137\000r\000o\000w\000s\000\050\000\051}{subsection.5.23.2}% 210
\BOOKMARK [1][-]{section.5.24}{\376\377\0005\000.\0002\0004\000\040\000R\000\351\000f\000\351\000r\000e\000n\000c\000e\000\040\000d\000e\000\040\000l\000\047\000e\000s\000p\000a\000c\000e\000\040\000d\000e\000\040\000n\000o\000m\000m\000a\000g\000e\000\040\000t\000e\000s\000t\000s}{chapter.5}% 211
\BOOKMARK [1][-]{section.5.25}{\376\377\0005\000.\0002\0005\000\040\000R\000\351\000f\000\351\000r\000e\000n\000c\000e\000\040\000d\000e\000\040\000l\000\047\000e\000s\000p\000a\000c\000e\000\040\000d\000e\000\040\000n\000o\000m\000m\000a\000g\000e\000\040\000t\000e\000s\000t\000s\000.\000t\000e\000s\000t\000\137\000g\000r\000i\000d}{chapter.5}% 212
\BOOKMARK [2][-]{subsection.5.25.1}{\376\377\0005\000.\0002\0005\000.\0001\000\040\000D\000e\000s\000c\000r\000i\000p\000t\000i\000o\000n\000\040\000d\000\351\000t\000a\000i\000l\000l\000\351\000e}{section.5.25}% 213
\BOOKMARK [2][-]{subsection.5.25.2}{\376\377\0005\000.\0002\0005\000.\0002\000\040\000D\000o\000c\000u\000m\000e\000n\000t\000a\000t\000i\000o\000n\000\040\000d\000e\000s\000\040\000f\000o\000n\000c\000t\000i\000o\000n\000s}{section.5.25}% 214
\BOOKMARK [3][-]{subsubsection.5.25.2.1}{\376\377\0005\000.\0002\0005\000.\0002\000.\0001\000\040\000t\000g\000\137\000i\000n\000i\000t\000\137\000g\000r\000i\000l\000l\000e\000\050\000\051}{subsection.5.25.2}% 215
\BOOKMARK [3][-]{subsubsection.5.25.2.2}{\376\377\0005\000.\0002\0005\000.\0002\000.\0002\000\040\000t\000g\000\137\000t\000e\000s\000t\000\137\000a\000l\000l\000\050\000\051}{subsection.5.25.2}% 216
\BOOKMARK [1][-]{section.5.26}{\376\377\0005\000.\0002\0006\000\040\000R\000\351\000f\000\351\000r\000e\000n\000c\000e\000\040\000d\000e\000\040\000l\000\047\000e\000s\000p\000a\000c\000e\000\040\000d\000e\000\040\000n\000o\000m\000m\000a\000g\000e\000\040\000t\000e\000s\000t\000s\000.\000t\000e\000s\000t\000\137\000p\000u\000i\000s\000s\000a\000n\000c\000e\000Q\000u\000a\000t\000r\000e}{chapter.5}% 217
\BOOKMARK [2][-]{subsection.5.26.1}{\376\377\0005\000.\0002\0006\000.\0001\000\040\000D\000e\000s\000c\000r\000i\000p\000t\000i\000o\000n\000\040\000d\000\351\000t\000a\000i\000l\000l\000\351\000e}{section.5.26}% 218
\BOOKMARK [2][-]{subsection.5.26.2}{\376\377\0005\000.\0002\0006\000.\0002\000\040\000D\000o\000c\000u\000m\000e\000n\000t\000a\000t\000i\000o\000n\000\040\000d\000e\000s\000\040\000f\000o\000n\000c\000t\000i\000o\000n\000s}{section.5.26}% 219
\BOOKMARK [3][-]{subsubsection.5.26.2.1}{\376\377\0005\000.\0002\0006\000.\0002\000.\0001\000\040\000t\000p\000\137\000a\000j\000o\000u\000t\000\137\000p\000i\000e\000c\000e\000\050\000\051}{subsection.5.26.2}% 220
\BOOKMARK [3][-]{subsubsection.5.26.2.2}{\376\377\0005\000.\0002\0006\000.\0002\000.\0002\000\040\000t\000p\000\137\000t\000e\000s\000t\000\137\000a\000l\000l\000\050\000\051}{subsection.5.26.2}% 221
\BOOKMARK [3][-]{subsubsection.5.26.2.3}{\376\377\0005\000.\0002\0006\000.\0002\000.\0003\000\040\000t\000p\000\137\000v\000e\000r\000i\000f\000\137\000c\000o\000l\000o\000n\000n\000e\000\050\000\051}{subsection.5.26.2}% 222
\BOOKMARK [3][-]{subsubsection.5.26.2.4}{\376\377\0005\000.\0002\0006\000.\0002\000.\0004\000\040\000t\000p\000\137\000v\000i\000c\000t\000o\000i\000r\000e\000\137\000c\000o\000l\000o\000n\000n\000e\000\050\000\051}{subsection.5.26.2}% 223
\BOOKMARK [3][-]{subsubsection.5.26.2.5}{\376\377\0005\000.\0002\0006\000.\0002\000.\0005\000\040\000t\000p\000\137\000v\000i\000c\000t\000o\000i\000r\000e\000\137\000d\000i\000a\000g\000o\000\050\000\051}{subsection.5.26.2}% 224
\BOOKMARK [3][-]{subsubsection.5.26.2.6}{\376\377\0005\000.\0002\0006\000.\0002\000.\0006\000\040\000t\000p\000\137\000v\000i\000c\000t\000o\000i\000r\000e\000\137\000l\000i\000g\000n\000e\000\050\000\051}{subsection.5.26.2}% 225
\BOOKMARK [0][-]{section*.105}{\376\377\000I\000n\000d\000e\000x}{}% 226
